# JRE version: OpenJDK Runtime Environment (11.0.4+11) (build 11.0.4+11-post-Ubuntu-1ubuntu218.04.3)
# Java VM: OpenJDK 64-Bit Server VM (11.0.4+11-post-Ubuntu-1ubuntu218.04.3, mixed mode, sharing, tiered, compressed oops, g1 gc, linux-amd64)
Heap:
 garbage-first heap   total 517120K, used 64431K [0x0000000080000000, 0x0000000100000000)
  region size 1024K, 3 young (3072K), 3 survivors (3072K)
 Metaspace       used 32240K, capacity 33859K, committed 34224K, reserved 1079296K
  class space    used 4587K, capacity 5261K, committed 5376K, reserved 1048576K
GC Heap History (10 events):
Event: 47.769 GC heap after
{Heap after GC invocations=23 (full 0):
 garbage-first heap   total 166912K, used 52461K [0x0000000080000000, 0x0000000100000000)
  region size 1024K, 1 young (1024K), 1 survivors (1024K)
 Metaspace       used 29194K, capacity 30467K, committed 30640K, reserved 1075200K
  class space    used 4081K, capacity 4604K, committed 4608K, reserved 1048576K
}
Event: 48.219 GC heap before
{Heap before GC invocations=23 (full 0):
 garbage-first heap   total 166912K, used 62701K [0x0000000080000000, 0x0000000100000000)
  region size 1024K, 11 young (11264K), 1 survivors (1024K)
 Metaspace       used 29697K, capacity 31070K, committed 31408K, reserved 1075200K
  class space    used 4173K, capacity 4740K, committed 4864K, reserved 1048576K
}
Event: 48.252 GC heap after
{Heap after GC invocations=24 (full 0):
 garbage-first heap   total 284672K, used 53485K [0x0000000080000000, 0x0000000100000000)
  region size 1024K, 2 young (2048K), 2 survivors (2048K)
 Metaspace       used 29697K, capacity 31070K, committed 31408K, reserved 1075200K
  class space    used 4173K, capacity 4740K, committed 4864K, reserved 1048576K
}
Event: 48.857 GC heap before
{Heap before GC invocations=24 (full 0):
 garbage-first heap   total 284672K, used 69869K [0x0000000080000000, 0x0000000100000000)
  region size 1024K, 18 young (18432K), 2 survivors (2048K)
 Metaspace       used 30093K, capacity 31572K, committed 31664K, reserved 1077248K
  class space    used 4253K, capacity 4843K, committed 4864K, reserved 1048576K
}
Event: 48.921 GC heap after
{Heap after GC invocations=25 (full 0):
 garbage-first heap   total 284672K, used 55540K [0x0000000080000000, 0x0000000100000000)
  region size 1024K, 3 young (3072K), 3 survivors (3072K)
 Metaspace       used 30093K, capacity 31572K, committed 31664K, reserved 1077248K
  class space    used 4253K, capacity 4843K, committed 4864K, reserved 1048576K
}
Event: 49.824 GC heap before
{Heap before GC invocations=25 (full 0):
 garbage-first heap   total 284672K, used 73972K [0x0000000080000000, 0x0000000100000000)
  region size 1024K, 21 young (21504K), 3 survivors (3072K)
 Metaspace       used 30918K, capacity 32437K, committed 32688K, reserved 1077248K
  class space    used 4380K, capacity 5001K, committed 5120K, reserved 1048576K
}
Event: 49.881 GC heap after
{Heap after GC invocations=26 (full 0):
 garbage-first heap   total 284672K, used 58328K [0x0000000080000000, 0x0000000100000000)
  region size 1024K, 3 young (3072K), 3 survivors (3072K)
 Metaspace       used 30918K, capacity 32437K, committed 32688K, reserved 1077248K
  class space    used 4380K, capacity 5001K, committed 5120K, reserved 1048576K
}
Event: 50.560 GC heap before
{Heap before GC invocations=26 (full 0):
 garbage-first heap   total 284672K, used 81880K [0x0000000080000000, 0x0000000100000000)
  region size 1024K, 26 young (26624K), 3 survivors (3072K)
 Metaspace       used 31623K, capacity 33201K, committed 33584K, reserved 1077248K
  class space    used 4488K, capacity 5126K, committed 5248K, reserved 1048576K
}
Event: 50.678 GC heap after
{Heap after GC invocations=27 (full 0):
 garbage-first heap   total 284672K, used 61538K [0x0000000080000000, 0x0000000100000000)
  region size 1024K, 4 young (4096K), 4 survivors (4096K)
 Metaspace       used 31623K, capacity 33201K, committed 33584K, reserved 1077248K
  class space    used 4488K, capacity 5126K, committed 5248K, reserved 1048576K
}
Event: 51.291 GC heap before
{Heap before GC invocations=27 (full 0):
 garbage-first heap   total 284672K, used 84066K [0x0000000080000000, 0x0000000100000000)
  region size 1024K, 26 young (26624K), 4 survivors (4096K)
 Metaspace       used 32240K, capacity 33859K, committed 34224K, reserved 1079296K
  class space    used 4587K, capacity 5261K, committed 5376K, reserved 1048576K
}

